vafnet is not installed yet! Trying to call directly from source...
done.
-------------------------------------------------------------------------------- 
Initializing hyperparameters...
done.
-------------------------------------------------------------------------------- 
Compiling theano functions...
Can not use cuDNN on context None: cannot compile with cuDNN. We got this error:
b'/tmp/try_flags_91pda6u4.c:4:19: fatal error: cudnn.h: No such file or directory\ncompilation terminated.\n'
Mapped name None to device cuda: GeForce GTX 1080 (0000:02:00.0)
INFO (theano.gof.compilelock): Waiting for existing lock by process '176248' (I am process '176182')
INFO (theano.gof.compilelock): To manually release the lock, delete /home/max/.theano/compiledir_Linux-4.4--generic-x86_64-with-Ubuntu-16.04-xenial-x86_64-3.5.2-64/lock_dir
INFO (theano.gof.compilelock): Waiting for existing lock by process '176248' (I am process '176182')
INFO (theano.gof.compilelock): To manually release the lock, delete /home/max/.theano/compiledir_Linux-4.4--generic-x86_64-with-Ubuntu-16.04-xenial-x86_64-3.5.2-64/lock_dir
done.
-------------------------- VALIDATION ITERATION 1 ---------------------------
VAFnet(60,40,20)   mnlp = 5.476749056257456338414613128406926989555358886719e+00
VAFnet(60,40,20)    mse = 1.252857605832471618589885054007027065381407737732e-02
VAFnet(60,40,20)   nmse = 1.001647985280766484095238411100581288337707519531e+00
VAFnet(60,40,20)    obj = 7.353071139460115227848291397094726562500000000000e+04
VAFnet(60,40,20)   rmse = 1.118394503836478703906465170803130604326725006104e-01
VAFnet(60,40,20)  score = 9.967080228048813550500995006586890667676925659180e-01
VAFnet(60,40,20)   time = 2.306459665298461914062500000000000000000000000000e+00
-------------------------- VALIDATION ITERATION 101 ---------------------------
VAFnet(60,40,20)   mnlp = -2.53052666695399164353830201434902846813201904297e+00
VAFnet(60,40,20)    mse = 2.153311521176132670597064278084076249797362834215e-04
VAFnet(60,40,20)   nmse = 1.738371677616224256213151022620877483859658241272e-02
VAFnet(60,40,20)    obj = 6.667325478576470050029456615447998046875000000000e+04
VAFnet(60,40,20)   rmse = 1.457428748424068921940577325813137576915323734283e-02
VAFnet(60,40,20)  score = 1.294507988832556714606236702991282072616741061211e-03
VAFnet(60,40,20)   time = 1.054218952655792236328125000000000000000000000000e+02
-------------------------- VALIDATION ITERATION 201 ---------------------------
VAFnet(60,40,20)   mnlp = -2.58492392710831353497269446961581707000732421875e+00
VAFnet(60,40,20)    mse = 1.521183365038794989363563070483564843016210943460e-04
VAFnet(60,40,20)   nmse = 1.222289064630434872460451600773012614808976650238e-02
VAFnet(60,40,20)    obj = 6.578849073024050449021160602569580078125000000000e+04
VAFnet(60,40,20)   rmse = 1.225282875725219530749221519272396108135581016541e-02
VAFnet(60,40,20)  score = 8.623505243183965428624415672231862117769196629524e-04
VAFnet(60,40,20)   time = 2.139196264743804931640625000000000000000000000000e+02
-------------------------- VALIDATION ITERATION 301 ---------------------------
VAFnet(60,40,20)   mnlp = -2.61692825292531416891961271176114678382873535156e+00
VAFnet(60,40,20)    mse = 1.322280535182586132334631168205874018894974142313e-04
VAFnet(60,40,20)   nmse = 1.060594219933611373485327078469708794727921485901e-02
VAFnet(60,40,20)    obj = 6.484758847951090137939900159835815429687500000000e+04
VAFnet(60,40,20)   rmse = 1.142763794673981245231253467409260338172316551208e-02
VAFnet(60,40,20)  score = 7.254702104458347813181751106981209886725991964340e-04
VAFnet(60,40,20)   time = 3.510846490859985351562500000000000000000000000000e+02
-------------------------- VALIDATION ITERATION 401 ---------------------------
VAFnet(60,40,20)   mnlp = -2.65650904779657581755714090832043439149856567383e+00
VAFnet(60,40,20)    mse = 1.082134432767662475961129020518569632258731871843e-04
VAFnet(60,40,20)   nmse = 8.745310973722275615926946557010523974895477294922e-03
VAFnet(60,40,20)    obj = 6.399762529418633494060486555099487304687500000000e+04
VAFnet(60,40,20)   rmse = 1.034033248282981327925700298919764463789761066437e-02
VAFnet(60,40,20)  score = 5.763866925561891754042909141730888222809880971909e-04
VAFnet(60,40,20)   time = 4.108331704139709472656250000000000000000000000000e+02
-------------------------- VALIDATION ITERATION 501 ---------------------------
VAFnet(60,40,20)   mnlp = -2.67928746682875695839243235241156071424484252930e+00
VAFnet(60,40,20)    mse = 1.114268690894773457819924566969405077543342486024e-04
VAFnet(60,40,20)   nmse = 8.937965706379787100832601254296605475246906280518e-03
VAFnet(60,40,20)    obj = 6.326157969777174002956598997116088867187500000000e+04
VAFnet(60,40,20)   rmse = 1.045923154128492425785079689148915349505841732025e-02
VAFnet(60,40,20)  score = 5.779808321511137152171055930693910340778529644012e-04
VAFnet(60,40,20)   time = 4.631300277709960937500000000000000000000000000000e+02
-------------------------- VALIDATION ITERATION 601 ---------------------------
VAFnet(60,40,20)   mnlp = -2.70367276834000014318348803499247878789901733398e+00
VAFnet(60,40,20)    mse = 1.133296660914405614133809718779843933589290827513e-04
VAFnet(60,40,20)   nmse = 9.173363098768812923244908574815781321376562118530e-03
VAFnet(60,40,20)    obj = 6.263000206982243980746716260910034179687500000000e+04
VAFnet(60,40,20)   rmse = 1.056560559759821965597481607801455538719892501831e-02
VAFnet(60,40,20)  score = 5.798702159916600124001107019466871861368417739868e-04
VAFnet(60,40,20)   time = 5.656426005363464355468750000000000000000000000000e+02
-------------------------- VALIDATION ITERATION 701 ---------------------------
VAFnet(60,40,20)   mnlp = -2.75109818016198914847336709499359130859375000000e+00
VAFnet(60,40,20)    mse = 8.953012464322928243721372298935534672637004405260e-05
VAFnet(60,40,20)   nmse = 7.216033520832392141042266331396604073233902454376e-03
VAFnet(60,40,20)    obj = 6.206919745704617525916546583175659179687500000000e+04
VAFnet(60,40,20)   rmse = 9.414454198827158781792689978829002939164638519287e-03
VAFnet(60,40,20)  score = 4.348113359482114236367888970846706797601655125618e-04
VAFnet(60,40,20)   time = 6.834712662696838378906250000000000000000000000000e+02
-------------------------- VALIDATION ITERATION 801 ---------------------------
VAFnet(60,40,20)   mnlp = -2.77341405351036218718263626215048134326934814453e+00
VAFnet(60,40,20)    mse = 9.425703420004092713928300906189861052553169429302e-05
VAFnet(60,40,20)   nmse = 7.604459635374106671323879425017366884276270866394e-03
VAFnet(60,40,20)    obj = 6.161909884803285967791453003883361816406250000000e+04
VAFnet(60,40,20)   rmse = 9.684903404728077355723137031873193336650729179382e-03
VAFnet(60,40,20)  score = 4.480288819716312536702018665124569452018477022648e-04
VAFnet(60,40,20)   time = 7.728906552791595458984375000000000000000000000000e+02
-------------------------- VALIDATION ITERATION 901 ---------------------------
VAFnet(60,40,20)   mnlp = -2.78875027352654880630211664538364857435226440430e+00
VAFnet(60,40,20)    mse = 1.047440594568801460568716055199445236212341114879e-04
VAFnet(60,40,20)   nmse = 8.457445235385578283238139363220398081466555595398e-03
VAFnet(60,40,20)    obj = 6.122275363220756116788834333419799804687500000000e+04
VAFnet(60,40,20)   rmse = 1.013872015508811286199630785631597973406314849854e-02
VAFnet(60,40,20)  score = 4.950413352542761555655226324290651973569765686989e-04
VAFnet(60,40,20)   time = 9.024061195850372314453125000000000000000000000000e+02
----------------------------- OPTIMIZATION RESULT ------------------------------
VAFnet(60,40,20)   mnlp = -2.70698927889827745119077917479444295167922973633e+00
VAFnet(60,40,20)    mse = 2.017329802585668494657733518238273973111063241959e-04
VAFnet(60,40,20)   nmse = 1.608329786899856742032888234916754299774765968323e-02
VAFnet(60,40,20)    obj = 6.092724541002140904311090707778930664062500000000e+04
VAFnet(60,40,20)   rmse = 1.417343652216629217022170195150465588085353374481e-02
VAFnet(60,40,20)  score = 1.008844035329530160194355659086795640178024768829e-03
VAFnet(60,40,20)   time = 9.627931137084960937500000000000000000000000000000e+02
-------------------------------------------------------------------------------- 
Initializing hyperparameters...
done.
-------------------------- VALIDATION ITERATION 1 ---------------------------
VAFnet(60,40,20)   mnlp = 9.671766080631325479544102563522756099700927734375e+00
VAFnet(60,40,20)    mse = 4.319016711587412432615806778812839183956384658813e-03
VAFnet(60,40,20)   nmse = 9.434114985601453895469603594392538070678710937500e-01
VAFnet(60,40,20)    obj = 7.113777281920403765980154275894165039062500000000e+04
VAFnet(60,40,20)   rmse = 6.538081382823625331557337858612299896776676177979e-02
VAFnet(60,40,20)  score = 9.431300174705832262134208576753735542297363281250e-01
VAFnet(60,40,20)   time = 5.322163105010986328125000000000000000000000000000e-01
-------------------------- VALIDATION ITERATION 101 ---------------------------
VAFnet(60,40,20)   mnlp = -2.77533080219137584521149619831703603267669677734e+00
VAFnet(60,40,20)    mse = 2.186160025700329269209010174535023907083086669445e-04
VAFnet(60,40,20)   nmse = 4.577431710732737801805569688440300524234771728516e-02
VAFnet(60,40,20)    obj = 6.125574361929440783569589257240295410156250000000e+04
VAFnet(60,40,20)   rmse = 1.392296021735359157212030822847736999392509460449e-02
VAFnet(60,40,20)  score = 3.476793571978929221766296819851049804128706455231e-03
VAFnet(60,40,20)   time = 4.774054670333862304687500000000000000000000000000e+01
-------------------------- VALIDATION ITERATION 201 ---------------------------
VAFnet(60,40,20)   mnlp = -2.93079090554134191748403281962964683771133422852e+00
VAFnet(60,40,20)    mse = 1.666913403892591040260373613790534363943152129650e-04
VAFnet(60,40,20)   nmse = 3.503134718666237046313938208186300471425056457520e-02
VAFnet(60,40,20)    obj = 6.096604537272512970957905054092407226562500000000e+04
VAFnet(60,40,20)   rmse = 1.228817512427025047949680214287582202814519405365e-02
VAFnet(60,40,20)  score = 2.088000270088594297057671411721457843668758869171e-03
VAFnet(60,40,20)   time = 1.021365745067596435546875000000000000000000000000e+02
-------------------------- VALIDATION ITERATION 301 ---------------------------
VAFnet(60,40,20)   mnlp = -3.03431559433411912607425620080903172492980957031e+00
VAFnet(60,40,20)    mse = 1.321145236829834954811468961111131648067384958267e-04
VAFnet(60,40,20)   nmse = 2.779810731714382060486556724754336755722761154175e-02
VAFnet(60,40,20)    obj = 6.074761149292433401569724082946777343750000000000e+04
VAFnet(60,40,20)   rmse = 1.095599158249182906998964170952604035846889019012e-02
VAFnet(60,40,20)  score = 1.444196123016548141335113619732055667554959654808e-03
VAFnet(60,40,20)   time = 1.464308259487152099609375000000000000000000000000e+02
-------------------------- VALIDATION ITERATION 401 ---------------------------
VAFnet(60,40,20)   mnlp = -3.12295699217318167839607667701784521341323852539e+00
VAFnet(60,40,20)    mse = 1.031705625956718210597257145977323489205446094275e-04
VAFnet(60,40,20)   nmse = 2.167138012629505477990576878255524206906557083130e-02
VAFnet(60,40,20)    obj = 6.054505166142608504742383956909179687500000000000e+04
VAFnet(60,40,20)   rmse = 9.672928864118243014180720251715683843940496444702e-03
VAFnet(60,40,20)  score = 1.007573029357432172620212540437023562844842672348e-03
VAFnet(60,40,20)   time = 2.301372756958007812500000000000000000000000000000e+02
-------------------------- VALIDATION ITERATION 501 ---------------------------
VAFnet(60,40,20)   mnlp = -3.15795445563535626121165478252805769443511962891e+00
VAFnet(60,40,20)    mse = 9.260336914076430954445573462407992337830364704132e-05
VAFnet(60,40,20)   nmse = 1.972182327704924062472535695178521564230322837830e-02
VAFnet(60,40,20)    obj = 6.037338731703823577845469117164611816406250000000e+04
VAFnet(60,40,20)   rmse = 9.310416459656682686141238036725553683936595916748e-03
VAFnet(60,40,20)  score = 8.537183432310327347788958540775183791993185877800e-04
VAFnet(60,40,20)   time = 3.228790788650512695312500000000000000000000000000e+02
-------------------------- VALIDATION ITERATION 601 ---------------------------
VAFnet(60,40,20)   mnlp = -3.20835965885719609502757521113380789756774902344e+00
VAFnet(60,40,20)    mse = 7.786093427229475816362530560255095224420074373484e-05
VAFnet(60,40,20)   nmse = 1.635639085280977955694226011473801918327808380127e-02
VAFnet(60,40,20)    obj = 6.018954858058199897641316056251525878906250000000e+04
VAFnet(60,40,20)   rmse = 8.497315526864491347369678919676516670733690261841e-03
VAFnet(60,40,20)  score = 6.748847274331977149144923266987916576908901333809e-04
VAFnet(60,40,20)   time = 4.055612039566040039062500000000000000000000000000e+02
-------------------------- VALIDATION ITERATION 701 ---------------------------
VAFnet(60,40,20)   mnlp = -3.23386201896886582574097701581194996833801269531e+00
VAFnet(60,40,20)    mse = 7.176523266462582115697566020884323734208010137081e-05
VAFnet(60,40,20)   nmse = 1.534990903249236482430717387615004554390907287598e-02
VAFnet(60,40,20)    obj = 6.001406027692269708495587110519409179687500000000e+04
VAFnet(60,40,20)   rmse = 8.309967410474874277559464985642989631742238998413e-03
VAFnet(60,40,20)  score = 5.973961066123501710903309636080393829615786671638e-04
VAFnet(60,40,20)   time = 4.705771298408508300781250000000000000000000000000e+02
-------------------------- VALIDATION ITERATION 801 ---------------------------
VAFnet(60,40,20)   mnlp = -3.28719804090240952376689165248535573482513427734e+00
VAFnet(60,40,20)    mse = 5.753705654550992769922027059159574946534121409059e-05
VAFnet(60,40,20)   nmse = 1.239099345353717948614580279809160856530070304871e-02
VAFnet(60,40,20)    obj = 5.983219106467745586996898055076599121093750000000e+04
VAFnet(60,40,20)   rmse = 7.463932235721871220890388798352432786487042903900e-03
VAFnet(60,40,20)  score = 4.540888422049485289785919484017995273461565375328e-04
VAFnet(60,40,20)   time = 5.473002953529357910156250000000000000000000000000e+02
-------------------------- VALIDATION ITERATION 901 ---------------------------
VAFnet(60,40,20)   mnlp = -3.30141683071535574356403230922296643257141113281e+00
VAFnet(60,40,20)    mse = 5.636317628719212172172525754376692930236458778381e-05
VAFnet(60,40,20)   nmse = 1.224090291032911906321523076712765032425522804260e-02
VAFnet(60,40,20)    obj = 5.967694723588655324419960379600524902343750000000e+04
VAFnet(60,40,20)   rmse = 7.400040727256467811001616752264453680254518985748e-03
VAFnet(60,40,20)  score = 4.421007309476294219047209921313879021909087896347e-04
VAFnet(60,40,20)   time = 6.334640810489654541015625000000000000000000000000e+02
----------------------------- OPTIMIZATION RESULT ------------------------------
VAFnet(60,40,20)   mnlp = -3.14185224326416712159470989718101918697357177734e+00
VAFnet(60,40,20)    mse = 1.047843401546313143839206372120997912134043872356e-04
VAFnet(60,40,20)   nmse = 2.297472087130663850884637611216021468862891197205e-02
VAFnet(60,40,20)    obj = 5.964020084257025882834568619728088378906250000000e+04
VAFnet(60,40,20)   rmse = 1.019093020096750040748290189185354392975568771362e-02
VAFnet(60,40,20)  score = 9.577641488589191693520108472625906870234757661819e-04
VAFnet(60,40,20)   time = 7.222350296974182128906250000000000000000000000000e+02
------------------------------ EVALUATION RESULT -------------------------------
VAFnet(60,40,20)   mnlp = 2.423903733871336285687903000507503747940063476562e+01
VAFnet(60,40,20)    mse = 7.812151055122066450886464394898212049156427383423e-03
VAFnet(60,40,20)   nmse = 1.529120025435458884999206929933279752731323242188e+00
VAFnet(60,40,20)    obj = 5.964020084257025882834568619728088378906250000000e+04
VAFnet(60,40,20)   rmse = 8.838637369596100135105132267199223861098289489746e-02
VAFnet(60,40,20)  score = 1.529120025390005910281843171105720102787017822266e+00
VAFnet(60,40,20)   time = 7.222350296974182128906250000000000000000000000000e+02
------------------------------ COMPARISON RESULT -------------------------------
VAFnet(100,50,25)   mnlp = -1.211078138727863074e+00 <> 2.423903733871336286e+01
VAFnet(100,50,25)    mse = 5.1387814464337825543e-03 <> 7.812151055122066451e-03
VAFnet(100,50,25)   nmse = 1.0058450688720470545e+00 <> 1.529120025435458885e+00
VAFnet(100,50,25)    obj = 2.1263615486759230407e+04 <> 5.964020084257025883e+04
VAFnet(100,50,25)   rmse = 7.1685294492202386585e-02 <> 8.838637369596100135e-02
VAFnet(100,50,25)  score = 2.3085184608012057628e-01 <> 1.529120025390005910e+00
VAFnet(100,50,25)   time = 3.2459131956100463867e+01 <> 7.222350296974182129e+02
-------------------------------------------------------------------------------- 
Initializing hyperparameters...
done.
-------------------------- VALIDATION ITERATION 1 ---------------------------
VAFnet(60,40,20)   mnlp = 1.142962775948288722815959772560745477676391601562e+01
VAFnet(60,40,20)    mse = 7.973372648569359080750196255849004955962300300598e-03
VAFnet(60,40,20)   nmse = 9.146816863853517443061491576372645795345306396484e-01
VAFnet(60,40,20)    obj = 7.114707630987139418721199035644531250000000000000e+04
VAFnet(60,40,20)   rmse = 8.918832410314218861469015564580331556499004364014e-02
VAFnet(60,40,20)  score = 9.146626562567601315123511085403151810169219970703e-01
VAFnet(60,40,20)   time = 1.925174474716186523437500000000000000000000000000e+00
-------------------------- VALIDATION ITERATION 101 ---------------------------
VAFnet(60,40,20)   mnlp = -2.92452757305544785992879042169079184532165527344e+00
VAFnet(60,40,20)    mse = 1.416538937562265192474098007835436874302104115486e-04
VAFnet(60,40,20)   nmse = 1.604644286861446611514026017175638116896152496338e-02
VAFnet(60,40,20)    obj = 5.959448576179287920240312814712524414062500000000e+04
VAFnet(60,40,20)   rmse = 1.176783029661560356360361367933364817872643470764e-02
VAFnet(60,40,20)  score = 8.360406871543090649018248328161462268326431512833e-04
VAFnet(60,40,20)   time = 8.454675078392028808593750000000000000000000000000e+01
-------------------------- VALIDATION ITERATION 201 ---------------------------
VAFnet(60,40,20)   mnlp = -3.02664395723171431029641098575666546821594238281e+00
VAFnet(60,40,20)    mse = 8.850891120855652579105243837886973778950050473213e-05
VAFnet(60,40,20)   nmse = 1.010655929650741517711320938133212621323764324188e-02
VAFnet(60,40,20)    obj = 5.935495789372317813104018568992614746093750000000e+04
VAFnet(60,40,20)   rmse = 9.276507367312537832848562402432435192167758941650e-03
VAFnet(60,40,20)  score = 4.766836406765833354139128008597481311880983412266e-04
VAFnet(60,40,20)   time = 1.658621594905853271484375000000000000000000000000e+02
-------------------------- VALIDATION ITERATION 301 ---------------------------
VAFnet(60,40,20)   mnlp = -3.04983804670899560917973758478183299303054809570e+00
VAFnet(60,40,20)    mse = 8.087030230645428688883435963674628510489128530025e-05
VAFnet(60,40,20)   nmse = 9.256922815262563081217805915912322234362363815308e-03
VAFnet(60,40,20)    obj = 5.919057930698422569548711180686950683593750000000e+04
VAFnet(60,40,20)   rmse = 8.920044757844693486537046567264042096212506294250e-03
VAFnet(60,40,20)  score = 4.227054265651203563206039781618983397493138909340e-04
VAFnet(60,40,20)   time = 2.463165030479431152343750000000000000000000000000e+02
-------------------------- VALIDATION ITERATION 401 ---------------------------
VAFnet(60,40,20)   mnlp = -3.09289043174955669002201830153353512287139892578e+00
VAFnet(60,40,20)    mse = 6.456101109200103663459530123347462904348503798246e-05
VAFnet(60,40,20)   nmse = 7.360236963902729370734512315266329096630215644836e-03
VAFnet(60,40,20)    obj = 5.901273103647986135911196470260620117187500000000e+04
VAFnet(60,40,20)   rmse = 7.829809324811348031358804178125865291804075241089e-03
VAFnet(60,40,20)  score = 3.285248360847986852026347825983521033776924014091e-04
VAFnet(60,40,20)   time = 3.080988461971282958984375000000000000000000000000e+02
-------------------------- VALIDATION ITERATION 501 ---------------------------
VAFnet(60,40,20)   mnlp = -3.13038232589548570672377536538988351821899414062e+00
VAFnet(60,40,20)    mse = 5.323990477790859680937846087900311431440059095621e-05
VAFnet(60,40,20)   nmse = 6.086008045667245548726587145438315928913652896881e-03
VAFnet(60,40,20)    obj = 5.885416392040751088643446564674377441406250000000e+04
VAFnet(60,40,20)   rmse = 7.244137657767173513190250844218098791316151618958e-03
VAFnet(60,40,20)  score = 2.563622078479872441574005659248314259457401931286e-04
VAFnet(60,40,20)   time = 3.881622278690338134765625000000000000000000000000e+02
-------------------------- VALIDATION ITERATION 601 ---------------------------
VAFnet(60,40,20)   mnlp = -3.13876448473485236689839439350180327892303466797e+00
VAFnet(60,40,20)    mse = 5.647850448862968761321035060518624959513545036316e-05
VAFnet(60,40,20)   nmse = 6.402329813390573651221693296520243166014552116394e-03
VAFnet(60,40,20)    obj = 5.871240023817007022444158792495727539062500000000e+04
VAFnet(60,40,20)   rmse = 7.405553669472222932945726370235206559300422668457e-03
VAFnet(60,40,20)  score = 2.698067433437145831894021785757331599597819149494e-04
VAFnet(60,40,20)   time = 4.754079256057739257812500000000000000000000000000e+02
-------------------------- VALIDATION ITERATION 701 ---------------------------
VAFnet(60,40,20)   mnlp = -3.16176712356778155665892882097978144884109497070e+00
VAFnet(60,40,20)    mse = 5.360969155001024427815992101642450506915338337421e-05
VAFnet(60,40,20)   nmse = 6.076086498741571986781373482244816841557621955872e-03
VAFnet(60,40,20)    obj = 5.856293127801822265610098838806152343750000000000e+04
VAFnet(60,40,20)   rmse = 7.236902612539414941794646551898040343075990676880e-03
VAFnet(60,40,20)  score = 2.495227325124260557044630903789084186428226530552e-04
VAFnet(60,40,20)   time = 5.592151470184326171875000000000000000000000000000e+02
-------------------------- VALIDATION ITERATION 801 ---------------------------
VAFnet(60,40,20)   mnlp = -3.21245956673722643515134222980123013257980346680e+00
VAFnet(60,40,20)    mse = 3.995985245350878415238754515215191531751770526171e-05
VAFnet(60,40,20)   nmse = 4.558937903549542362824364971629620413295924663544e-03
VAFnet(60,40,20)    obj = 5.839300739897585299331694841384887695312500000000e+04
VAFnet(60,40,20)   rmse = 6.282257064350158307086680053998861694708466529846e-03
VAFnet(60,40,20)  score = 1.771908647559563253215397793383090174756944179535e-04
VAFnet(60,40,20)   time = 6.674779448509216308593750000000000000000000000000e+02
-------------------------- VALIDATION ITERATION 901 ---------------------------
VAFnet(60,40,20)   mnlp = -3.22260553389113502120721932442393153905868530273e+00
VAFnet(60,40,20)    mse = 4.316881122489976582408746641483787698234664276242e-05
VAFnet(60,40,20)   nmse = 4.934686880286497101533171871778904460370540618896e-03
VAFnet(60,40,20)    obj = 5.827271971239366394001990556716918945312500000000e+04
VAFnet(60,40,20)   rmse = 6.523377817778753043342909734292334178462624549866e-03
VAFnet(60,40,20)  score = 1.901880806793578232785635329094020562479272484779e-04
VAFnet(60,40,20)   time = 7.690391488075256347656250000000000000000000000000e+02
