vafnet is not installed yet! Trying to call directly from source...
done.
-------------------------------------------------------------------------------- 
Initializing hyperparameters...
done.
-------------------------------------------------------------------------------- 
Compiling theano functions...
done.
-------------------------- VALIDATION ITERATION 1 ---------------------------
VAFnet(60,40,20)   mnlp = -6.58360180715628562353458619327284395694732666016e+00
VAFnet(60,40,20)    mse = 8.401150157234766786196113620005521127609426912386e-08
VAFnet(60,40,20)   nmse = 9.419733097303814028933288682310376316308975219727e-01
VAFnet(60,40,20)    obj = 6.772662129480298608541488647460937500000000000000e+04
VAFnet(60,40,20)   rmse = 2.851702111419856860638488704751125624170526862144e-04
VAFnet(60,40,20)  score = 1.308955035103880407132415086834953399375081062317e-03
VAFnet(60,40,20)   time = 8.653705120086669921875000000000000000000000000000e-01
-------------------------- VALIDATION ITERATION 101 ---------------------------
VAFnet(60,40,20)   mnlp = -6.80378834981984947916089367936365306377410888672e+00
VAFnet(60,40,20)    mse = 4.170579483958688761967752910110249220387856894376e-09
VAFnet(60,40,20)   nmse = 3.406346908135814838258781378499406855553388595581e-02
VAFnet(60,40,20)    obj = 6.679222355098192929290235042572021484375000000000e+04
VAFnet(60,40,20)   rmse = 5.214085494849726384620353103471757094666827470064e-05
VAFnet(60,40,20)  score = 3.836167537983210524925314910404949841904453933239e-05
VAFnet(60,40,20)   time = 2.915823101997375488281250000000000000000000000000e+01
-------------------------- VALIDATION ITERATION 201 ---------------------------
VAFnet(60,40,20)   mnlp = -6.83842336919614623980123724322766065597534179688e+00
VAFnet(60,40,20)    mse = 4.759872329604522738998933432518628761087597922597e-09
VAFnet(60,40,20)   nmse = 4.109050495854724149857872816937742754817008972168e-02
VAFnet(60,40,20)    obj = 6.533583304869387211510911583900451660156250000000e+04
VAFnet(60,40,20)   rmse = 5.856524588698295403187132901479117208509705960751e-05
VAFnet(60,40,20)  score = 4.462867430060167003380913741672486594325164332986e-05
VAFnet(60,40,20)   time = 5.350387692451477050781250000000000000000000000000e+01
-------------------------- VALIDATION ITERATION 301 ---------------------------
VAFnet(60,40,20)   mnlp = -6.88245579844705357430711956112645566463470458984e+00
VAFnet(60,40,20)    mse = 5.470657161177402650811531182803437722839134949027e-09
VAFnet(60,40,20)   nmse = 4.762045442746493106866978450852911919355392456055e-02
VAFnet(60,40,20)    obj = 6.374060603012236242648214101791381835937500000000e+04
VAFnet(60,40,20)   rmse = 6.332078347739585868960560111062818577920552343130e-05
VAFnet(60,40,20)  score = 4.964680138815684927976190632392672341666184365749e-05
VAFnet(60,40,20)   time = 9.695078825950622558593750000000000000000000000000e+01
-------------------------- VALIDATION ITERATION 401 ---------------------------
VAFnet(60,40,20)   mnlp = -6.93340579079242314008979519712738692760467529297e+00
VAFnet(60,40,20)    mse = 6.284062055855007861989785865981447687822480929754e-09
VAFnet(60,40,20)   nmse = 5.745502457448177502374875302848522551357746124268e-02
VAFnet(60,40,20)    obj = 6.218037102994222368579357862472534179687500000000e+04
VAFnet(60,40,20)   rmse = 7.032970252056342094423846411643808096414431929588e-05
VAFnet(60,40,20)  score = 5.684694713173171054911361754768961418449180200696e-05
VAFnet(60,40,20)   time = 1.719856736660003662109375000000000000000000000000e+02
-------------------------- VALIDATION ITERATION 501 ---------------------------
VAFnet(60,40,20)   mnlp = -6.98706089572272226462246180744841694831848144531e+00
VAFnet(60,40,20)    mse = 7.637976095982121675325893944176469663176476387889e-09
VAFnet(60,40,20)   nmse = 6.898950526858903253835109126157476566731929779053e-02
VAFnet(60,40,20)    obj = 6.070664831229815172264352440834045410156250000000e+04
VAFnet(60,40,20)   rmse = 7.733260668985416806317512161683680460555478930473e-05
VAFnet(60,40,20)  score = 6.517434245943256655199393723165712799527682363987e-05
VAFnet(60,40,20)   time = 2.685654199123382568359375000000000000000000000000e+02
-------------------------- VALIDATION ITERATION 601 ---------------------------
VAFnet(60,40,20)   mnlp = -7.04365759302703953181890028645284473896026611328e+00
VAFnet(60,40,20)    mse = 8.961361061483912311526272111757845939550293223874e-09
VAFnet(60,40,20)   nmse = 8.351015585909836447253695723702549003064632415771e-02
VAFnet(60,40,20)    obj = 5.933834659603204636368900537490844726562500000000e+04
VAFnet(60,40,20)   rmse = 8.533444055224102960891668923082420405989978462458e-05
VAFnet(60,40,20)  score = 7.467030547319837389952379425039907800965011119843e-05
VAFnet(60,40,20)   time = 3.472855966091156005859375000000000000000000000000e+02
-------------------------- VALIDATION ITERATION 701 ---------------------------
VAFnet(60,40,20)   mnlp = -7.10312819656881266894288273761048913002014160156e+00
VAFnet(60,40,20)    mse = 1.000719083403222820618041783574669878476015583146e-08
VAFnet(60,40,20)   nmse = 9.265994504458568981064559011429082602262496948242e-02
VAFnet(60,40,20)    obj = 5.806895269549133081454783678054809570312500000000e+04
VAFnet(60,40,20)   rmse = 8.983173275898104334549060245862506235425826162100e-05
VAFnet(60,40,20)  score = 7.877064107264895181665514956037554838985670357943e-05
VAFnet(60,40,20)   time = 4.368326323032379150390625000000000000000000000000e+02
-------------------------- VALIDATION ITERATION 801 ---------------------------
VAFnet(60,40,20)   mnlp = -7.17326041700279048995980701874941587448120117188e+00
VAFnet(60,40,20)    mse = 9.332460194395062128076465644832548917975145741366e-09
VAFnet(60,40,20)   nmse = 8.612372027071174551693388821149710565805435180664e-02
VAFnet(60,40,20)    obj = 5.688649840734239114681258797645568847656250000000e+04
VAFnet(60,40,20)   rmse = 8.673664443223889973337559222699155725422315299511e-05
VAFnet(60,40,20)  score = 6.850341321935989773780212308551540445478167384863e-05
VAFnet(60,40,20)   time = 4.811527552604675292968750000000000000000000000000e+02
-------------------------- VALIDATION ITERATION 901 ---------------------------
VAFnet(60,40,20)   mnlp = -7.24281079012411588280428986763581633567810058594e+00
VAFnet(60,40,20)    mse = 9.178735241313240191278560134880565302140098538075e-09
VAFnet(60,40,20)   nmse = 8.316912237796050821891924442752497270703315734863e-02
VAFnet(60,40,20)    obj = 5.579801809951275208732113242149353027343750000000e+04
VAFnet(60,40,20)   rmse = 8.449472910461927068447030020337251698947511613369e-05
VAFnet(60,40,20)  score = 6.250708670841296794168373551769946061540395021439e-05
VAFnet(60,40,20)   time = 5.022655076980590820312500000000000000000000000000e+02
----------------------------- OPTIMIZATION RESULT ------------------------------
VAFnet(60,40,20)   mnlp = -7.31820650759306090549216605722904205322265625000e+00
VAFnet(60,40,20)    mse = 8.477004275319791030353923876310834328862142683647e-09
VAFnet(60,40,20)   nmse = 7.771618372817870601387824081029975786805152893066e-02
VAFnet(60,40,20)    obj = 5.480740296640341694001108407974243164062500000000e+04
VAFnet(60,40,20)   rmse = 8.208440481423568985813732368228556879330426454544e-05
VAFnet(60,40,20)  score = 5.415711656085689683142944672589180754584958776832e-05
VAFnet(60,40,20)   time = 5.356951003074645996093750000000000000000000000000e+02
-------------------------------------------------------------------------------- 
Initializing hyperparameters...
done.
-------------------------- VALIDATION ITERATION 1 ---------------------------
VAFnet(60,40,20)   mnlp = -6.79068114865089178522339352639392018318176269531e+00
VAFnet(60,40,20)    mse = 6.839630729186922435664219279902176218399745266652e-08
VAFnet(60,40,20)   nmse = 9.993383466729375275150459856376983225345611572266e-01
VAFnet(60,40,20)    obj = 5.507043967179369792575016617774963378906250000000e+04
VAFnet(60,40,20)   rmse = 2.603495407900760201871936949657992954598739743233e-04
VAFnet(60,40,20)  score = 1.135863991388518130787321780417187255807220935822e-03
VAFnet(60,40,20)   time = 4.235353469848632812500000000000000000000000000000e-01
-------------------------- VALIDATION ITERATION 101 ---------------------------
VAFnet(60,40,20)   mnlp = -7.54519668568466261859839505632407963275909423828e+00
VAFnet(60,40,20)    mse = 2.758950971905257357302805278813709333185499872343e-09
VAFnet(60,40,20)   nmse = 3.728272334054817671589177052737795747816562652588e-02
VAFnet(60,40,20)    obj = 5.380045556614729866851121187210083007812500000000e+04
VAFnet(60,40,20)   rmse = 4.914461472449431234674546709051412562985206022859e-05
VAFnet(60,40,20)  score = 1.998898421150951146231175559186965529079316183925e-05
VAFnet(60,40,20)   time = 7.158913731575012207031250000000000000000000000000e+01
-------------------------- VALIDATION ITERATION 201 ---------------------------
VAFnet(60,40,20)   mnlp = -7.61965676432621119573695978033356368541717529297e+00
VAFnet(60,40,20)    mse = 1.961546580066238327519883958855589911607353315048e-09
VAFnet(60,40,20)   nmse = 2.639806049036858004441796765604522079229354858398e-02
VAFnet(60,40,20)    obj = 5.283861119581169623415917158126831054687500000000e+04
VAFnet(60,40,20)   rmse = 4.133432426414119435602312346844655621680431067944e-05
VAFnet(60,40,20)  score = 1.310748474468315325218610578605904493088019080460e-05
VAFnet(60,40,20)   time = 1.777663125991821289062500000000000000000000000000e+02
-------------------------- VALIDATION ITERATION 301 ---------------------------
VAFnet(60,40,20)   mnlp = -7.69838345547556990311477420618757605552673339844e+00
VAFnet(60,40,20)    mse = 1.368345800540172556196627995026005031320437410614e-09
VAFnet(60,40,20)   nmse = 1.825507505897044219222991046081006061285734176636e-02
VAFnet(60,40,20)    obj = 5.192503193062274658586829900741577148437500000000e+04
VAFnet(60,40,20)   rmse = 3.414882237901637894623985136632882131380029022694e-05
VAFnet(60,40,20)  score = 8.372413072324094783071418701680954654875677078962e-06
VAFnet(60,40,20)   time = 2.699635019302368164062500000000000000000000000000e+02
-------------------------- VALIDATION ITERATION 401 ---------------------------
VAFnet(60,40,20)   mnlp = -7.78036550970397478010909253498539328575134277344e+00
VAFnet(60,40,20)    mse = 9.867064926916311088560821701402316075135701112231e-10
VAFnet(60,40,20)   nmse = 1.316456189165535542451301864730339730158448219299e-02
VAFnet(60,40,20)    obj = 5.107256359390404395526275038719177246093750000000e+04
VAFnet(60,40,20)   rmse = 2.905098601930463834237469700205735989584354683757e-05
VAFnet(60,40,20)  score = 5.551221972307962519038206095078891166849643923342e-06
VAFnet(60,40,20)   time = 3.279394049644470214843750000000000000000000000000e+02
-------------------------- VALIDATION ITERATION 501 ---------------------------
VAFnet(60,40,20)   mnlp = -7.86467144919968763616680007544346153736114501953e+00
VAFnet(60,40,20)    mse = 7.895061922363893699257096137934797130952802035608e-10
VAFnet(60,40,20)   nmse = 1.068235132027440734137080369237082777544856071472e-02
VAFnet(60,40,20)    obj = 5.030315168351352622266858816146850585937500000000e+04
VAFnet(60,40,20)   rmse = 2.639002163107668694468771475314383678778540343046e-05
VAFnet(60,40,20)  score = 4.132165431107122217338663283658917180218850262463e-06
VAFnet(60,40,20)   time = 4.179195113182067871093750000000000000000000000000e+02
-------------------------- VALIDATION ITERATION 601 ---------------------------
VAFnet(60,40,20)   mnlp = -7.95638523037868683474016506806947290897369384766e+00
VAFnet(60,40,20)    mse = 5.510238655736991553648259229694281180478299120296e-10
VAFnet(60,40,20)   nmse = 7.389144433216279089782219102744420524686574935913e-03
VAFnet(60,40,20)    obj = 4.959541281578562484355643391609191894531250000000e+04
VAFnet(60,40,20)   rmse = 2.127180551628304991558515713023780335788615047932e-05
VAFnet(60,40,20)  score = 2.617776996450023669406889995081577637847658479586e-06
VAFnet(60,40,20)   time = 4.841869146823883056640625000000000000000000000000e+02
-------------------------- VALIDATION ITERATION 701 ---------------------------
VAFnet(60,40,20)   mnlp = -8.04798404178654180896046455018222332000732421875e+00
VAFnet(60,40,20)    mse = 5.251653282643174466808244776352097848981514971456e-10
VAFnet(60,40,20)   nmse = 7.195318253157877499970318524447066010907292366028e-03
VAFnet(60,40,20)    obj = 4.896247506372826319420710206031799316406250000000e+04
VAFnet(60,40,20)   rmse = 2.159092651800970878023244736709784774575382471085e-05
VAFnet(60,40,20)  score = 2.317401182726735089771087638954583098893635906279e-06
VAFnet(60,40,20)   time = 5.312397301197052001953125000000000000000000000000e+02
-------------------------- VALIDATION ITERATION 801 ---------------------------
VAFnet(60,40,20)   mnlp = -8.14256136396544150102272396907210350036621093750e+00
VAFnet(60,40,20)    mse = 5.216154764219617392527546390881745125289725706352e-10
VAFnet(60,40,20)   nmse = 7.311810296915443804777190450749912997707724571228e-03
VAFnet(60,40,20)    obj = 4.840608440370653261197730898857116699218750000000e+04
VAFnet(60,40,20)   rmse = 2.158177615255142488661158073348644848010735586286e-05
VAFnet(60,40,20)  score = 2.146314731101987706131601144066145536726253340021e-06
VAFnet(60,40,20)   time = 5.697713055610656738281250000000000000000000000000e+02
-------------------------- VALIDATION ITERATION 901 ---------------------------
VAFnet(60,40,20)   mnlp = -8.24203845623579134382907795952633023262023925781e+00
VAFnet(60,40,20)    mse = 4.785948644217891283715080895703151975251188332550e-10
VAFnet(60,40,20)   nmse = 6.798200655887449289638269078750454355031251907349e-03
VAFnet(60,40,20)    obj = 4.791410601300631242338567972183227539062500000000e+04
VAFnet(60,40,20)   rmse = 2.055734835246155476143337104133479442680254578590e-05
VAFnet(60,40,20)  score = 1.809388634458145138581290807533452635880166781135e-06
VAFnet(60,40,20)   time = 6.072912986278533935546875000000000000000000000000e+02
----------------------------- OPTIMIZATION RESULT ------------------------------
VAFnet(60,40,20)   mnlp = -8.33026834842943131320680549833923578262329101562e+00
VAFnet(60,40,20)    mse = 6.636728249018197777076990843329699909514118871812e-10
VAFnet(60,40,20)   nmse = 9.452251104194571429406579454735037870705127716064e-03
VAFnet(60,40,20)    obj = 4.748369171690964139997959136962890625000000000000e+04
VAFnet(60,40,20)   rmse = 2.529316588804112034315554891072963528131367638707e-05
VAFnet(60,40,20)  score = 2.287791656184069734439106777457162422706460347399e-06
VAFnet(60,40,20)   time = 6.564067904949188232421875000000000000000000000000e+02
------------------------------ EVALUATION RESULT -------------------------------
VAFnet(60,40,20)   mnlp = 6.110913017262007862484551878878846764564514160156e+00
VAFnet(60,40,20)    mse = 2.459523777303128613705256177990321475590462796390e-07
VAFnet(60,40,20)   nmse = 7.750801681384532848539947735844179987907409667969e+00
VAFnet(60,40,20)    obj = 4.748369171690964139997959136962890625000000000000e+04
VAFnet(60,40,20)   rmse = 4.959358605004409500244255681877802999224513769150e-04
VAFnet(60,40,20)  score = 7.733644403064026562333310721442103385925292968750e+00
VAFnet(60,40,20)   time = 6.564067904949188232421875000000000000000000000000e+02
------------------------------ COMPARISON RESULT -------------------------------
VAFnet(60,40,20)   mnlp = 6.1109130172620078625e+00 <> 6.1109130172620078625e+00
VAFnet(60,40,20)    mse = 2.4595237773031286137e-07 <> 2.4595237773031286137e-07
VAFnet(60,40,20)   nmse = 7.7508016813845328485e+00 <> 7.7508016813845328485e+00
VAFnet(60,40,20)    obj = 4.7483691716909641400e+04 <> 4.7483691716909641400e+04
VAFnet(60,40,20)   rmse = 4.9593586050044095002e-04 <> 4.9593586050044095002e-04
VAFnet(60,40,20)  score = 7.7336444030640265623e+00 <> 7.7336444030640265623e+00
VAFnet(60,40,20)   time = 6.5640679049491882324e+02 <> 6.5640679049491882324e+02
-------------------------------------------------------------------------------- 
Initializing hyperparameters...
done.
-------------------------- VALIDATION ITERATION 1 ---------------------------
VAFnet(60,40,20)   mnlp = -4.42938973008653746887830493506044149398803710938e+00
VAFnet(60,40,20)    mse = 6.383924181736305814470006309360727847490579733858e-08
VAFnet(60,40,20)   nmse = 9.918358378182483559015736318542622029781341552734e-01
VAFnet(60,40,20)    obj = 4.932991880271038098726421594619750976562500000000e+04
VAFnet(60,40,20)   rmse = 2.516177186123701712584799228267229409539140760899e-04
VAFnet(60,40,20)  score = 1.411019998595326035983887891234189737588167190552e-02
VAFnet(60,40,20)   time = 1.400311708450317382812500000000000000000000000000e+00
-------------------------- VALIDATION ITERATION 101 ---------------------------
VAFnet(60,40,20)   mnlp = -8.37340610253981587618454796029254794120788574219e+00
VAFnet(60,40,20)    mse = 7.197408966296637773291089097205727037609435114973e-10
VAFnet(60,40,20)   nmse = 1.026460449660974993957296419466729275882244110107e-02
VAFnet(60,40,20)    obj = 4.719031193050981528358533978462219238281250000000e+04
VAFnet(60,40,20)   rmse = 2.332231379468104344302760433382815108416252769530e-05
VAFnet(60,40,20)  score = 2.504348637967057549847706143797410049955942668021e-06
VAFnet(60,40,20)   time = 9.972453808784484863281250000000000000000000000000e+01
-------------------------- VALIDATION ITERATION 201 ---------------------------
VAFnet(60,40,20)   mnlp = -8.42512854698630775374112999998033046722412109375e+00
VAFnet(60,40,20)    mse = 5.183847281644294564843033873392189742057567514166e-10
VAFnet(60,40,20)   nmse = 7.501657022875998087618754084360261913388967514038e-03
VAFnet(60,40,20)    obj = 4.687320480247325031086802482604980468750000000000e+04
VAFnet(60,40,20)   rmse = 2.033520415034855040314898388942310702987015247345e-05
VAFnet(60,40,20)  score = 1.700600787605886125432416884628583630956200067885e-06
VAFnet(60,40,20)   time = 2.363936679363250732421875000000000000000000000000e+02
-------------------------- VALIDATION ITERATION 301 ---------------------------
VAFnet(60,40,20)   mnlp = -8.47852680850874662610294762998819351196289062500e+00
VAFnet(60,40,20)    mse = 4.245018283612199795139627067673895877142342669686e-10
VAFnet(60,40,20)   nmse = 6.126491129625874672293139866496858303435146808624e-03
VAFnet(60,40,20)    obj = 4.656719228908837976632639765739440917968750000000e+04
VAFnet(60,40,20)   rmse = 1.851169056602736172432305261636997784080449491739e-05
VAFnet(60,40,20)  score = 1.311441136909718666820408479456450123734612134285e-06
VAFnet(60,40,20)   time = 3.403327879905700683593750000000000000000000000000e+02
-------------------------- VALIDATION ITERATION 401 ---------------------------
VAFnet(60,40,20)   mnlp = -8.53258176713120164436077175196260213851928710938e+00
VAFnet(60,40,20)    mse = 4.060143890386264354788809111151178660170657508388e-10
VAFnet(60,40,20)   nmse = 5.968045296700938938394553900934624834917485713959e-03
VAFnet(60,40,20)    obj = 4.627045614266680058790370821952819824218750000000e+04
VAFnet(60,40,20)   rmse = 1.859308869278559507836473541075861248828005045652e-05
VAFnet(60,40,20)  score = 1.202151500041575066780549264910948892293163225986e-06
VAFnet(60,40,20)   time = 4.280892851352691650390625000000000000000000000000e+02
-------------------------- VALIDATION ITERATION 501 ---------------------------
VAFnet(60,40,20)   mnlp = -8.59530261887216262550737155834212899208068847656e+00
VAFnet(60,40,20)    mse = 3.503668246180827206243696820387551957298732929758e-10
VAFnet(60,40,20)   nmse = 5.124672138576785718200312658154871314764022827148e-03
VAFnet(60,40,20)    obj = 4.598038418947717582341283559799194335937500000000e+04
VAFnet(60,40,20)   rmse = 1.745406720385677724633605167881000852503348141909e-05
VAFnet(60,40,20)  score = 9.657585451290598719869748278732402013702085241675e-07
VAFnet(60,40,20)   time = 5.366113693714141845703125000000000000000000000000e+02
-------------------------- VALIDATION ITERATION 601 ---------------------------
VAFnet(60,40,20)   mnlp = -8.66249921707160375206058233743533492088317871094e+00
VAFnet(60,40,20)    mse = 3.024922363674851512178904697051868427637444369793e-10
VAFnet(60,40,20)   nmse = 4.492462581703046860248651483971116249449551105499e-03
VAFnet(60,40,20)    obj = 4.569719743966359237674623727798461914062500000000e+04
VAFnet(60,40,20)   rmse = 1.661315160970643959822447277563384204768226481974e-05
VAFnet(60,40,20)  score = 7.858616868055341549500905987124532714460656279698e-07
VAFnet(60,40,20)   time = 6.591174416542053222656250000000000000000000000000e+02
-------------------------- VALIDATION ITERATION 701 ---------------------------
VAFnet(60,40,20)   mnlp = -8.72831919579752479876333381980657577514648437500e+00
VAFnet(60,40,20)    mse = 2.991245427779344616164872423076052238011257600192e-10
VAFnet(60,40,20)   nmse = 4.613596552313631651842662506624037632718682289124e-03
VAFnet(60,40,20)    obj = 4.542347867220819171052426099777221679687500000000e+04
VAFnet(60,40,20)   rmse = 1.684602085848555338585749718838258104369742795825e-05
VAFnet(60,40,20)  score = 7.522976198955795010199542119377902338328567566350e-07
VAFnet(60,40,20)   time = 7.731188199520111083984375000000000000000000000000e+02
-------------------------- VALIDATION ITERATION 801 ---------------------------
VAFnet(60,40,20)   mnlp = -8.80099698158723064977948524756357073783874511719e+00
VAFnet(60,40,20)    mse = 2.635532934329742417108525720970298167333822902947e-10
VAFnet(60,40,20)   nmse = 4.023440280133592193700931005651000305078923702240e-03
VAFnet(60,40,20)    obj = 4.515610682500690745655447244644165039062500000000e+04
VAFnet(60,40,20)   rmse = 1.576028837417801337192520272356688337822561152279e-05
VAFnet(60,40,20)  score = 6.103845213266087895535318662287860291826291359030e-07
VAFnet(60,40,20)   time = 8.887138698101043701171875000000000000000000000000e+02
-------------------------- VALIDATION ITERATION 901 ---------------------------
VAFnet(60,40,20)   mnlp = -8.87730936198213882448726508300751447677612304688e+00
VAFnet(60,40,20)    mse = 2.258248607405111510112619292630622633288872691537e-10
VAFnet(60,40,20)   nmse = 3.538611023697431270246260837097906915005296468735e-03
VAFnet(60,40,20)    obj = 4.489514486952438892330974340438842773437500000000e+04
VAFnet(60,40,20)   rmse = 1.481612662977798646651069608415340894680412020534e-05
VAFnet(60,40,20)  score = 4.951324587363837991755362473444979087844330933876e-07
VAFnet(60,40,20)   time = 1.045208848476409912109375000000000000000000000000e+03
----------------------------- OPTIMIZATION RESULT ------------------------------
VAFnet(60,40,20)   mnlp = -8.87281416245893161942603910574689507484436035156e+00
VAFnet(60,40,20)    mse = 5.944013943391917180595034668976438252396832240265e-10
VAFnet(60,40,20)   nmse = 9.277563291452597254993506226128374692052602767944e-03
VAFnet(60,40,20)    obj = 4.467050963395491999108344316482543945312500000000e+04
VAFnet(60,40,20)   rmse = 2.429079336782628888114984877510948990675387904048e-05
VAFnet(60,40,20)  score = 1.300102089540466004119619557177767177336136228405e-06
VAFnet(60,40,20)   time = 1.126009410381317138671875000000000000000000000000e+03
------------------------------ EVALUATION RESULT -------------------------------
VAFnet(60,40,20)   mnlp = 7.899283698881076531961298314854502677917480468750e+01
VAFnet(60,40,20)    mse = 4.311504214421483774223142586279333698939808527939e-07
VAFnet(60,40,20)   nmse = 1.123995207886118130602426390396431088447570800781e+01
VAFnet(60,40,20)    obj = 4.467050963395491999108344316482543945312500000000e+04
VAFnet(60,40,20)   rmse = 6.566204546327720874276945295378027367405593395233e-04
VAFnet(60,40,20)  score = 1.123995207886118130602426390396431088447570800781e+01
VAFnet(60,40,20)   time = 1.126009410381317138671875000000000000000000000000e+03
------------------------------ COMPARISON RESULT -------------------------------
VAFnet(60,40,20)   mnlp = -6.103027685636457811e+00 <> 7.8992836988810765320e+01
VAFnet(60,40,20)    mse = 3.8466004350280631646e-08 <> 4.3115042144214837742e-07
VAFnet(60,40,20)   nmse = 1.0027962958176848129e+00 <> 1.1239952078861181306e+01
VAFnet(60,40,20)    obj = 4.7483691716909641400e+04 <> 4.4670509633954919991e+04
VAFnet(60,40,20)   rmse = 1.9612752063461320840e-04 <> 6.5662045463277208743e-04
VAFnet(60,40,20)  score = 2.2373371711156106630e-03 <> 1.1239952078861181306e+01
VAFnet(60,40,20)   time = 6.5640679049491882324e+02 <> 1.1260094103813171387e+03
-------------------------------------------------------------------------------- 
Initializing hyperparameters...
done.
-------------------------- VALIDATION ITERATION 1 ---------------------------
VAFnet(60,40,20)   mnlp = 4.423347696402414541694270155858248472213745117188e+00
VAFnet(60,40,20)    mse = 5.194006578321308913452798716736680262329173274338e-08
VAFnet(60,40,20)   nmse = 1.022630943116211499344103685871232300996780395508e+00
VAFnet(60,40,20)    obj = 5.089241486991923011373728513717651367187500000000e+04
VAFnet(60,40,20)   rmse = 2.226589046902829015228686415639458573423326015472e-04
VAFnet(60,40,20)  score = 6.419749862334400702934544824529439210891723632812e-01
VAFnet(60,40,20)   time = 1.357764959335327148437500000000000000000000000000e+00
-------------------------- VALIDATION ITERATION 101 ---------------------------
VAFnet(60,40,20)   mnlp = -9.01624340419334835416975693078711628913879394531e+00
VAFnet(60,40,20)    mse = 3.871298891361501732772195916415080424455297247732e-10
VAFnet(60,40,20)   nmse = 7.557990993924242929813406277617104933597147464752e-03
VAFnet(60,40,20)    obj = 4.453241146526973170693963766098022460937500000000e+04
VAFnet(60,40,20)   rmse = 1.879626756690815845814504503330510942760156467557e-05
VAFnet(60,40,20)  score = 9.378290871962957539589899116916349441908096196130e-07
VAFnet(60,40,20)   time = 6.823052382469177246093750000000000000000000000000e+01
-------------------------- VALIDATION ITERATION 201 ---------------------------
VAFnet(60,40,20)   mnlp = -9.06931850811677797707943682326003909111022949219e+00
VAFnet(60,40,20)    mse = 2.643389540272805641381696292469818607151488265572e-10
VAFnet(60,40,20)   nmse = 5.531408754162892536798690201749195693992078304291e-03
VAFnet(60,40,20)    obj = 4.433122040563818154623731970787048339843750000000e+04
VAFnet(60,40,20)   rmse = 1.588114325244285260927204483927255296293878927827e-05
VAFnet(60,40,20)  score = 6.400241038441908247988085256530155220389133319259e-07
VAFnet(60,40,20)   time = 1.800037992000579833984375000000000000000000000000e+02
