Can not use cuDNN on context None: cannot compile with cuDNN. We got this error:
b'/tmp/try_flags_hvjzs0ud.c:4:19: fatal error: cudnn.h: No such file or directory\ncompilation terminated.\n'
Mapped name None to device cuda: GeForce GTX 1080 (0000:02:00.0)
vafnet is not installed yet! Trying to call directly from source...
done.
Traceback (most recent call last):
  File "training.py", line 139, in <module>
    train_test_set = load_data()
  File "training.py", line 53, in load_data
    train_test_set.append(X_train.T, y_train.T, X_test.T, y_test.T)
TypeError: append() takes exactly one argument (4 given)
Can not use cuDNN on context None: cannot compile with cuDNN. We got this error:
b'/tmp/try_flags_fmk1dwuv.c:4:19: fatal error: cudnn.h: No such file or directory\ncompilation terminated.\n'
Mapped name None to device cuda: GeForce GTX 1080 (0000:02:00.0)
vafnet is not installed yet! Trying to call directly from source...
done.
Traceback (most recent call last):
  File "training.py", line 139, in <module>
    train_test_set = load_data()
  File "training.py", line 53, in load_data
    train_test_set.append(X_train.T, y_train.T, X_test.T, y_test.T)
TypeError: append() takes exactly one argument (4 given)
vafnet is not installed yet! Trying to call directly from source...
done.
-------------------------------------------------------------------------------- 
Initializing hyperparameters...
done.
-------------------------------------------------------------------------------- 
Compiling theano functions...
done.
-------------------------- VALIDATION ITERATION 1 ---------------------------
VAFnet(60,40,20)   mnlp = 3.633399355297134647457824030425399541854858398438e+00
VAFnet(60,40,20)    mse = 3.791666144378240232981625013053417205810546875000e+01
VAFnet(60,40,20)   nmse = 1.002552989793850324318214006780181080102920532227e+00
VAFnet(60,40,20)    obj = 6.732567206461561727337539196014404296875000000000e+04
VAFnet(60,40,20)   rmse = 6.157622193784328956667195598129183053970336914062e+00
VAFnet(60,40,20)  score = 9.767413076556200612898805957229342311620712280273e-01
VAFnet(60,40,20)   time = 1.731109380722045898437500000000000000000000000000e+00
-------------------------- VALIDATION ITERATION 101 ---------------------------
VAFnet(60,40,20)   mnlp = 2.428311969466550035434693199931643903255462646484e+00
VAFnet(60,40,20)    mse = 5.852313505128006632105552853317931294441223144531e+00
VAFnet(60,40,20)   nmse = 1.547469248653532969406398933642776682972908020020e-01
VAFnet(60,40,20)    obj = 5.901755877157695067580789327621459960937500000000e+04
VAFnet(60,40,20)   rmse = 2.418445043910549152599287481280043721199035644531e+00
VAFnet(60,40,20)  score = 1.422119026032342137266795134564745239913463592529e-01
VAFnet(60,40,20)   time = 1.558568377494812011718750000000000000000000000000e+02
-------------------------- VALIDATION ITERATION 201 ---------------------------
VAFnet(60,40,20)   mnlp = 2.316907737545442103055393090471625328063964843750e+00
VAFnet(60,40,20)    mse = 3.502750457695189112428124644793570041656494140625e+00
VAFnet(60,40,20)   nmse = 9.261529096231831126306843771089916117489337921143e-02
VAFnet(60,40,20)    obj = 5.754853573547693667933344841003417968750000000000e+04
VAFnet(60,40,20)   rmse = 1.870227332658117802566266618669033050537109375000e+00
VAFnet(60,40,20)  score = 8.431040828485031335404187302628997713327407836914e-02
VAFnet(60,40,20)   time = 3.083733384609222412109375000000000000000000000000e+02
-------------------------- VALIDATION ITERATION 301 ---------------------------
VAFnet(60,40,20)   mnlp = 2.260369062240899395987980824429541826248168945312e+00
VAFnet(60,40,20)    mse = 2.793856762662286552512114212731830775737762451172e+00
VAFnet(60,40,20)   nmse = 7.387083860306081772861830359033774584531784057617e-02
VAFnet(60,40,20)    obj = 5.642176662166118330787867307662963867187500000000e+04
VAFnet(60,40,20)   rmse = 1.669839557594015033714640594553202390670776367188e+00
VAFnet(60,40,20)  score = 6.689858774966445098542067171365488320589065551758e-02
VAFnet(60,40,20)   time = 4.663662014007568359375000000000000000000000000000e+02
-------------------------- VALIDATION ITERATION 401 ---------------------------
VAFnet(60,40,20)   mnlp = 2.207046672593639513593188894446939229965209960938e+00
VAFnet(60,40,20)    mse = 2.285256762098657024040448959567584097385406494141e+00
VAFnet(60,40,20)   nmse = 6.043523732872849163477724232507171109318733215332e-02
VAFnet(60,40,20)    obj = 5.542717805638336722040548920631408691406250000000e+04
VAFnet(60,40,20)   rmse = 1.511037879391523786054563061043154448270797729492e+00
VAFnet(60,40,20)  score = 5.444694311051023749570276777376420795917510986328e-02
VAFnet(60,40,20)   time = 7.616227579116821289062500000000000000000000000000e+02
-------------------------- VALIDATION ITERATION 501 ---------------------------
VAFnet(60,40,20)   mnlp = 2.177368988632225832446920321672223508358001708984e+00
VAFnet(60,40,20)    mse = 2.301231052091148310267954002483747899532318115234e+00
VAFnet(60,40,20)   nmse = 6.086679830211352837388005809771129861474037170410e-02
VAFnet(60,40,20)    obj = 5.470702890612794726621359586715698242187500000000e+04
VAFnet(60,40,20)   rmse = 1.516249183297247782320482656359672546386718750000e+00
VAFnet(60,40,20)  score = 5.467315458394993860080646186361263971775770187378e-02
VAFnet(60,40,20)   time = 1.619502731084823608398437500000000000000000000000e+03
-------------------------- VALIDATION ITERATION 601 ---------------------------
VAFnet(60,40,20)   mnlp = 2.131445085296521213535925198812037706375122070312e+00
VAFnet(60,40,20)    mse = 2.015321995503621899104018666548654437065124511719e+00
VAFnet(60,40,20)   nmse = 5.329734334452946448168475512829900253564119338989e-02
VAFnet(60,40,20)    obj = 5.393175391584244789555668830871582031250000000000e+04
VAFnet(60,40,20)   rmse = 1.418869185427255708020766178378835320472717285156e+00
VAFnet(60,40,20)  score = 4.764599052254737954203989147572428919374942779541e-02
VAFnet(60,40,20)   time = 2.401434188365936279296875000000000000000000000000e+03
